%%%%%%%%%%%%%%%%%%%%%%%%%%%%%%%%%%%%%%%%%%%%%%%%%%%%%%%%%%%%%%%%%%%%%%%%%%%%%%%%
%%                                Iteration 1                                 %%
%%%%%%%%%%%%%%%%%%%%%%%%%%%%%%%%%%%%%%%%%%%%%%%%%%%%%%%%%%%%%%%%%%%%%%%%%%%%%%%%
%%%%%%%%%%%%%%%%%%%%%%%%%%%%%%%%%%%%%%%%%%%%%%%%%%%%%%%%%%%%%%%%%%%%%%%%%%%%%%%%
%%                                Iteration 2                                 %%
%%%%%%%%%%%%%%%%%%%%%%%%%%%%%%%%%%%%%%%%%%%%%%%%%%%%%%%%%%%%%%%%%%%%%%%%%%%%%%%%
%%%%%%%%%%%%%%%%%%%%%%%%%%%%%%%%%%%%%%%%%%%%%%%%%%%%%%%%%%%%%%%%%%%%%%%%%%%%%%%%
%%                                Iteration 3                                 %%
%%%%%%%%%%%%%%%%%%%%%%%%%%%%%%%%%%%%%%%%%%%%%%%%%%%%%%%%%%%%%%%%%%%%%%%%%%%%%%%%
%%%%%%%%%%%%%%%%%%%%%%%%%%%%%%%%%%%%%%%%%%%%%%%%%%%%%%%%%%%%%%%%%%%%%%%%%%%%%%%%
%% Pre-processing                          : 2.796s
%% Hypothesis Space Generation             : 0.006s
%% Conflict analysis                       : 1028.43s
%%   - Positive Examples                   : 1028.43s
%% Counterexample search                   : 4.025s
%%   - CDOEs                               : 0.223s
%%   - CDPIs                               : 3.803s
%% Hypothesis Search                       : 1936.81s
%% Total                                   : 4487.18s
%%%%%%%%%%%%%%%%%%%%%%%%%%%%%%%%%%%%%%%%%%%%%%%%%%%%%%%%%%%%%%%%%%%%%%%%%%%%%%%%
%% Searching for counterexample... 
%% Found positive counterexample: ex0 (a total of 394 counterexamples found) 
%% Found hypothesis: [1] 3 
%% macro_10(V1, V2, V3) :- not_treated(V2, V3); robot_has(V1, V4). 
%% Searching for counterexample... 
%% Found positive counterexample: ex1000 (a total of 5723 counterexamples found) 
%% Found hypothesis: [196] 4 
%% macro_10(V1, V2, V3) :- not_treated(V2, V3); position_has(V4, nopallet); robot_at(V1, V4). 
%% Searching for counterexample... 
%% Found positive counterexample: ex1002 (a total of 2431 counterexamples found) 
UNSATISFIABLE
