%%%%%%%%%%%%%%%%%%%%%%%%%%%%%%%%%%%%%%%%%%%%%%%%%%%%%%%%%%%%%%%%%%%%%%%%%%%%%%%%
%%                                Iteration 1                                 %%
%%%%%%%%%%%%%%%%%%%%%%%%%%%%%%%%%%%%%%%%%%%%%%%%%%%%%%%%%%%%%%%%%%%%%%%%%%%%%%%%
%%%%%%%%%%%%%%%%%%%%%%%%%%%%%%%%%%%%%%%%%%%%%%%%%%%%%%%%%%%%%%%%%%%%%%%%%%%%%%%%
%%                                Iteration 2                                 %%
%%%%%%%%%%%%%%%%%%%%%%%%%%%%%%%%%%%%%%%%%%%%%%%%%%%%%%%%%%%%%%%%%%%%%%%%%%%%%%%%
%%%%%%%%%%%%%%%%%%%%%%%%%%%%%%%%%%%%%%%%%%%%%%%%%%%%%%%%%%%%%%%%%%%%%%%%%%%%%%%%
%%                                Iteration 3                                 %%
%%%%%%%%%%%%%%%%%%%%%%%%%%%%%%%%%%%%%%%%%%%%%%%%%%%%%%%%%%%%%%%%%%%%%%%%%%%%%%%%
%%%%%%%%%%%%%%%%%%%%%%%%%%%%%%%%%%%%%%%%%%%%%%%%%%%%%%%%%%%%%%%%%%%%%%%%%%%%%%%%
%%                                Iteration 4                                 %%
%%%%%%%%%%%%%%%%%%%%%%%%%%%%%%%%%%%%%%%%%%%%%%%%%%%%%%%%%%%%%%%%%%%%%%%%%%%%%%%%
%%%%%%%%%%%%%%%%%%%%%%%%%%%%%%%%%%%%%%%%%%%%%%%%%%%%%%%%%%%%%%%%%%%%%%%%%%%%%%%%
%%                                Iteration 5                                 %%
%%%%%%%%%%%%%%%%%%%%%%%%%%%%%%%%%%%%%%%%%%%%%%%%%%%%%%%%%%%%%%%%%%%%%%%%%%%%%%%%
%%%%%%%%%%%%%%%%%%%%%%%%%%%%%%%%%%%%%%%%%%%%%%%%%%%%%%%%%%%%%%%%%%%%%%%%%%%%%%%%
%% Pre-processing                          : 4.318s
%% Hypothesis Space Generation             : 0.006s
%% Conflict analysis                       : 8258.34s
%%   - Positive Examples                   : 8258.34s
%% Counterexample search                   : 4.95s
%%   - CDOEs                               : 0.257s
%%   - CDPIs                               : 4.693s
%% Hypothesis Search                       : 5630.55s
%% Total                                   : 16259.4s
%%%%%%%%%%%%%%%%%%%%%%%%%%%%%%%%%%%%%%%%%%%%%%%%%%%%%%%%%%%%%%%%%%%%%%%%%%%%%%%%
%% Searching for counterexample... 
%% Found positive counterexample: ex0 (a total of 330 counterexamples found) 
%% Found hypothesis: [1] 3 
%% macro_0(V1, V2, V3) :- not_treated(V4, V2); robot_has(V1, V3). 
%% Searching for counterexample... 
%% Found positive counterexample: ex1000 (a total of 3980 counterexamples found) 
%% Found hypothesis: [16] 3 
%% macro_0(V1, V2, V3) :- not_ready(V3, V2); robot_has(V1, V3). 
%% Searching for counterexample... 
%% Found positive counterexample: ex1003 (a total of 2567 counterexamples found) 
%% Found hypothesis: [4] 3 
%% macro_0(V1, V2, V3) :- not_ready(V3, V2); robot_at(V1, depot). 
%% Searching for counterexample... 
%% Found positive counterexample: ex1008 (a total of 1223 counterexamples found) 
%% Found hypothesis: [911] 4 
%% macro_0(V1, V2, V3) :- not_ready(V3, V2); robot_has(V1, V3); robot_at(V1, depot). 
%% Searching for counterexample... 
%% Found positive counterexample: ex108 (a total of 390 counterexamples found) 
UNSATISFIABLE
