%%%%%%%%%%%%%%%%%%%%%%%%%%%%%%%%%%%%%%%%%%%%%%%%%%%%%%%%%%%%%%%%%%%%%%%%%%%%%%%%
%%                                Iteration 1                                 %%
%%%%%%%%%%%%%%%%%%%%%%%%%%%%%%%%%%%%%%%%%%%%%%%%%%%%%%%%%%%%%%%%%%%%%%%%%%%%%%%%
%%%%%%%%%%%%%%%%%%%%%%%%%%%%%%%%%%%%%%%%%%%%%%%%%%%%%%%%%%%%%%%%%%%%%%%%%%%%%%%%
%%                                Iteration 2                                 %%
%%%%%%%%%%%%%%%%%%%%%%%%%%%%%%%%%%%%%%%%%%%%%%%%%%%%%%%%%%%%%%%%%%%%%%%%%%%%%%%%
%%%%%%%%%%%%%%%%%%%%%%%%%%%%%%%%%%%%%%%%%%%%%%%%%%%%%%%%%%%%%%%%%%%%%%%%%%%%%%%%
%%                                Iteration 3                                 %%
%%%%%%%%%%%%%%%%%%%%%%%%%%%%%%%%%%%%%%%%%%%%%%%%%%%%%%%%%%%%%%%%%%%%%%%%%%%%%%%%
%%%%%%%%%%%%%%%%%%%%%%%%%%%%%%%%%%%%%%%%%%%%%%%%%%%%%%%%%%%%%%%%%%%%%%%%%%%%%%%%
%%                                Iteration 4                                 %%
%%%%%%%%%%%%%%%%%%%%%%%%%%%%%%%%%%%%%%%%%%%%%%%%%%%%%%%%%%%%%%%%%%%%%%%%%%%%%%%%
%%%%%%%%%%%%%%%%%%%%%%%%%%%%%%%%%%%%%%%%%%%%%%%%%%%%%%%%%%%%%%%%%%%%%%%%%%%%%%%%
%% Pre-processing                          : 4.351s
%% Hypothesis Space Generation             : 0.006s
%% Conflict analysis                       : 6840.65s
%%   - Positive Examples                   : 6840.65s
%% Counterexample search                   : 4.555s
%%   - CDOEs                               : 0.217s
%%   - CDPIs                               : 4.338s
%% Hypothesis Search                       : 5188.19s
%% Total                                   : 15146.4s
%%%%%%%%%%%%%%%%%%%%%%%%%%%%%%%%%%%%%%%%%%%%%%%%%%%%%%%%%%%%%%%%%%%%%%%%%%%%%%%%
%% Searching for counterexample... 
%% Found positive counterexample: ex0 (a total of 607 counterexamples found) 
%% Found hypothesis: [1] 3 
%% macro_11(V1, V2, V3) :- not_treated(V4, V2); robot_has(V1, V3). 
%% Searching for counterexample... 
%% Found positive counterexample: ex1000 (a total of 4215 counterexamples found) 
%% Found hypothesis: [16] 3 
%% macro_11(V1, V2, V3) :- not_ready(V3, V2); robot_has(V1, V3). 
%% Searching for counterexample... 
%% Found positive counterexample: ex1016 (a total of 1982 counterexamples found) 
%% Found hypothesis: [394] 4 
%% macro_11(V1, V2, V3) :- not_treated(V3, V2); robot_has(V1, V3); robot_at(V4, depot). 
%% Searching for counterexample... 
%% Found positive counterexample: ex104 (a total of 615 counterexamples found) 
UNSATISFIABLE
