%%%%%%%%%%%%%%%%%%%%%%%%%%%%%%%%%%%%%%%%%%%%%%%%%%%%%%%%%%%%%%%%%%%%%%%%%%%%%%%%
%%                                Iteration 1                                 %%
%%%%%%%%%%%%%%%%%%%%%%%%%%%%%%%%%%%%%%%%%%%%%%%%%%%%%%%%%%%%%%%%%%%%%%%%%%%%%%%%
%%%%%%%%%%%%%%%%%%%%%%%%%%%%%%%%%%%%%%%%%%%%%%%%%%%%%%%%%%%%%%%%%%%%%%%%%%%%%%%%
%%                                Iteration 2                                 %%
%%%%%%%%%%%%%%%%%%%%%%%%%%%%%%%%%%%%%%%%%%%%%%%%%%%%%%%%%%%%%%%%%%%%%%%%%%%%%%%%
%%%%%%%%%%%%%%%%%%%%%%%%%%%%%%%%%%%%%%%%%%%%%%%%%%%%%%%%%%%%%%%%%%%%%%%%%%%%%%%%
%%                                Iteration 3                                 %%
%%%%%%%%%%%%%%%%%%%%%%%%%%%%%%%%%%%%%%%%%%%%%%%%%%%%%%%%%%%%%%%%%%%%%%%%%%%%%%%%
%%%%%%%%%%%%%%%%%%%%%%%%%%%%%%%%%%%%%%%%%%%%%%%%%%%%%%%%%%%%%%%%%%%%%%%%%%%%%%%%
%%                                Iteration 4                                 %%
%%%%%%%%%%%%%%%%%%%%%%%%%%%%%%%%%%%%%%%%%%%%%%%%%%%%%%%%%%%%%%%%%%%%%%%%%%%%%%%%
%%%%%%%%%%%%%%%%%%%%%%%%%%%%%%%%%%%%%%%%%%%%%%%%%%%%%%%%%%%%%%%%%%%%%%%%%%%%%%%%
%% Pre-processing                          : 4.372s
%% Hypothesis Space Generation             : 0.006s
%% Conflict analysis                       : 6956.51s
%%   - Positive Examples                   : 6956.51s
%% Counterexample search                   : 4.296s
%%   - CDOEs                               : 0.216s
%%   - CDPIs                               : 4.078s
%% Hypothesis Search                       : 4434.76s
%% Total                                   : 13665.8s
%%%%%%%%%%%%%%%%%%%%%%%%%%%%%%%%%%%%%%%%%%%%%%%%%%%%%%%%%%%%%%%%%%%%%%%%%%%%%%%%
%% Searching for counterexample... 
%% Found positive counterexample: ex0 (a total of 335 counterexamples found) 
%% Found hypothesis: [1] 3 
%% macro_5(V1, V2, V3) :- not_treated(V4, V2); robot_has(V1, V3). 
%% Searching for counterexample... 
%% Found positive counterexample: ex1000 (a total of 4454 counterexamples found) 
%% Found hypothesis: [16] 3 
%% macro_5(V1, V2, V3) :- not_ready(V3, V2); robot_has(V1, V3). 
%% Searching for counterexample... 
%% Found positive counterexample: ex1003 (a total of 2664 counterexamples found) 
%% Found hypothesis: [40] 4 
%% macro_5(V1, V2, V3) :- not_treated(V3, V2); robot_has(V1, V3); robot_at(V1, depot). 
%% Searching for counterexample... 
%% Found positive counterexample: ex108 (a total of 353 counterexamples found) 
UNSATISFIABLE
