%%%%%%%%%%%%%%%%%%%%%%%%%%%%%%%%%%%%%%%%%%%%%%%%%%%%%%%%%%%%%%%%%%%%%%%%%%%%%%%%
%%                                Iteration 1                                 %%
%%%%%%%%%%%%%%%%%%%%%%%%%%%%%%%%%%%%%%%%%%%%%%%%%%%%%%%%%%%%%%%%%%%%%%%%%%%%%%%%
%%%%%%%%%%%%%%%%%%%%%%%%%%%%%%%%%%%%%%%%%%%%%%%%%%%%%%%%%%%%%%%%%%%%%%%%%%%%%%%%
%%                                Iteration 2                                 %%
%%%%%%%%%%%%%%%%%%%%%%%%%%%%%%%%%%%%%%%%%%%%%%%%%%%%%%%%%%%%%%%%%%%%%%%%%%%%%%%%
%%%%%%%%%%%%%%%%%%%%%%%%%%%%%%%%%%%%%%%%%%%%%%%%%%%%%%%%%%%%%%%%%%%%%%%%%%%%%%%%
%%                                Iteration 3                                 %%
%%%%%%%%%%%%%%%%%%%%%%%%%%%%%%%%%%%%%%%%%%%%%%%%%%%%%%%%%%%%%%%%%%%%%%%%%%%%%%%%
%%%%%%%%%%%%%%%%%%%%%%%%%%%%%%%%%%%%%%%%%%%%%%%%%%%%%%%%%%%%%%%%%%%%%%%%%%%%%%%%
%%                                Iteration 4                                 %%
%%%%%%%%%%%%%%%%%%%%%%%%%%%%%%%%%%%%%%%%%%%%%%%%%%%%%%%%%%%%%%%%%%%%%%%%%%%%%%%%
%%%%%%%%%%%%%%%%%%%%%%%%%%%%%%%%%%%%%%%%%%%%%%%%%%%%%%%%%%%%%%%%%%%%%%%%%%%%%%%%
%%                                Iteration 5                                 %%
%%%%%%%%%%%%%%%%%%%%%%%%%%%%%%%%%%%%%%%%%%%%%%%%%%%%%%%%%%%%%%%%%%%%%%%%%%%%%%%%
%%%%%%%%%%%%%%%%%%%%%%%%%%%%%%%%%%%%%%%%%%%%%%%%%%%%%%%%%%%%%%%%%%%%%%%%%%%%%%%%
%%                                Iteration 6                                 %%
%%%%%%%%%%%%%%%%%%%%%%%%%%%%%%%%%%%%%%%%%%%%%%%%%%%%%%%%%%%%%%%%%%%%%%%%%%%%%%%%
%%%%%%%%%%%%%%%%%%%%%%%%%%%%%%%%%%%%%%%%%%%%%%%%%%%%%%%%%%%%%%%%%%%%%%%%%%%%%%%%
%%                                Iteration 7                                 %%
%%%%%%%%%%%%%%%%%%%%%%%%%%%%%%%%%%%%%%%%%%%%%%%%%%%%%%%%%%%%%%%%%%%%%%%%%%%%%%%%
%%%%%%%%%%%%%%%%%%%%%%%%%%%%%%%%%%%%%%%%%%%%%%%%%%%%%%%%%%%%%%%%%%%%%%%%%%%%%%%%
%%                                Iteration 8                                 %%
%%%%%%%%%%%%%%%%%%%%%%%%%%%%%%%%%%%%%%%%%%%%%%%%%%%%%%%%%%%%%%%%%%%%%%%%%%%%%%%%
%%%%%%%%%%%%%%%%%%%%%%%%%%%%%%%%%%%%%%%%%%%%%%%%%%%%%%%%%%%%%%%%%%%%%%%%%%%%%%%%
%% Pre-processing                          : 2.035s
%% Hypothesis Space Generation             : 0.006s
%% Conflict analysis                       : 726.097s
%%   - Positive Examples                   : 726.097s
%% Counterexample search                   : 26.854s
%%   - CDOEs                               : 0.997s
%%   - CDPIs                               : 25.856s
%% Hypothesis Search                       : 1036.07s
%% Total                                   : 2077.41s
%%%%%%%%%%%%%%%%%%%%%%%%%%%%%%%%%%%%%%%%%%%%%%%%%%%%%%%%%%%%%%%%%%%%%%%%%%%%%%%%
%% Searching for counterexample... 
%% Found positive counterexample: ex0 (a total of 494 counterexamples found) 
%% Found hypothesis: [1] 3 
%% macro_2(V1, V2, V3) :- not_completed(V3, V2); robot_cnt(V1, V4). 
%% Searching for counterexample... 
%% Found positive counterexample: ex10 (a total of 6755 counterexamples found) 
%% Found hypothesis: [3] 3 
%% macro_2(V1, V2, V3) :- not_completed(V3, V2); components_on_robot(V1, V4, V5). 
%% Searching for counterexample... 
%% Found positive counterexample: ex1000 (a total of 8850 counterexamples found) 
%% Found hypothesis: [5] 3 
%% macro_2(V1, V2, V3) :- not_completed(V3, V2); robot_busy(V1). 
%% Searching for counterexample... 
%% Found positive counterexample: ex1001 (a total of 3987 counterexamples found) 
%% Found hypothesis: [199] 4 
%% macro_2(V1, V2, V3) :- not_completed(V4, V2); ready_to_receive(V3); robot_busy(V1). 
%% Searching for counterexample... 
%% Found positive counterexample: ex1009 (a total of 279 counterexamples found) 
%% Found hypothesis: [350] 4 
%% macro_2(V1, V2, V3) :- not_completed(V3, V2); robot_at(V1, V4); robot_busy(V5). 
%% Searching for counterexample... 
%% Found positive counterexample: ex1003 (a total of 2977 counterexamples found) 
%% Found hypothesis: [285] 4 
%% macro_2(V1, V2, V3) :- not_completed(V3, V2); robot_at(V1, V4); ready_to_receive(V3). 
%% Searching for counterexample... 
%% Found positive counterexample: ex1010 (a total of 865 counterexamples found) 
%% Found hypothesis: [3233] 5 
%% macro_2(V1, V2, V3) :- not_completed(V3, V2); robot_at(V1, V4); ready_to_receive(V3); robot_busy(V1). 
%% Searching for counterexample... 
%% Found positive counterexample: ex1185 (a total of 104 counterexamples found) 
UNSATISFIABLE
