%%%%%%%%%%%%%%%%%%%%%%%%%%%%%%%%%%%%%%%%%%%%%%%%%%%%%%%%%%%%%%%%%%%%%%%%%%%%%%%%
%%                                Iteration 1                                 %%
%%%%%%%%%%%%%%%%%%%%%%%%%%%%%%%%%%%%%%%%%%%%%%%%%%%%%%%%%%%%%%%%%%%%%%%%%%%%%%%%
%%%%%%%%%%%%%%%%%%%%%%%%%%%%%%%%%%%%%%%%%%%%%%%%%%%%%%%%%%%%%%%%%%%%%%%%%%%%%%%%
%%                                Iteration 2                                 %%
%%%%%%%%%%%%%%%%%%%%%%%%%%%%%%%%%%%%%%%%%%%%%%%%%%%%%%%%%%%%%%%%%%%%%%%%%%%%%%%%
%%%%%%%%%%%%%%%%%%%%%%%%%%%%%%%%%%%%%%%%%%%%%%%%%%%%%%%%%%%%%%%%%%%%%%%%%%%%%%%%
%%                                Iteration 3                                 %%
%%%%%%%%%%%%%%%%%%%%%%%%%%%%%%%%%%%%%%%%%%%%%%%%%%%%%%%%%%%%%%%%%%%%%%%%%%%%%%%%
%%%%%%%%%%%%%%%%%%%%%%%%%%%%%%%%%%%%%%%%%%%%%%%%%%%%%%%%%%%%%%%%%%%%%%%%%%%%%%%%
%%                                Iteration 4                                 %%
%%%%%%%%%%%%%%%%%%%%%%%%%%%%%%%%%%%%%%%%%%%%%%%%%%%%%%%%%%%%%%%%%%%%%%%%%%%%%%%%
%%%%%%%%%%%%%%%%%%%%%%%%%%%%%%%%%%%%%%%%%%%%%%%%%%%%%%%%%%%%%%%%%%%%%%%%%%%%%%%%
%%                                Iteration 5                                 %%
%%%%%%%%%%%%%%%%%%%%%%%%%%%%%%%%%%%%%%%%%%%%%%%%%%%%%%%%%%%%%%%%%%%%%%%%%%%%%%%%
%%%%%%%%%%%%%%%%%%%%%%%%%%%%%%%%%%%%%%%%%%%%%%%%%%%%%%%%%%%%%%%%%%%%%%%%%%%%%%%%
%%                                Iteration 6                                 %%
%%%%%%%%%%%%%%%%%%%%%%%%%%%%%%%%%%%%%%%%%%%%%%%%%%%%%%%%%%%%%%%%%%%%%%%%%%%%%%%%
%%%%%%%%%%%%%%%%%%%%%%%%%%%%%%%%%%%%%%%%%%%%%%%%%%%%%%%%%%%%%%%%%%%%%%%%%%%%%%%%
%%                                Iteration 7                                 %%
%%%%%%%%%%%%%%%%%%%%%%%%%%%%%%%%%%%%%%%%%%%%%%%%%%%%%%%%%%%%%%%%%%%%%%%%%%%%%%%%
%%%%%%%%%%%%%%%%%%%%%%%%%%%%%%%%%%%%%%%%%%%%%%%%%%%%%%%%%%%%%%%%%%%%%%%%%%%%%%%%
%%                                Iteration 8                                 %%
%%%%%%%%%%%%%%%%%%%%%%%%%%%%%%%%%%%%%%%%%%%%%%%%%%%%%%%%%%%%%%%%%%%%%%%%%%%%%%%%
%%%%%%%%%%%%%%%%%%%%%%%%%%%%%%%%%%%%%%%%%%%%%%%%%%%%%%%%%%%%%%%%%%%%%%%%%%%%%%%%
%%                                Iteration 9                                 %%
%%%%%%%%%%%%%%%%%%%%%%%%%%%%%%%%%%%%%%%%%%%%%%%%%%%%%%%%%%%%%%%%%%%%%%%%%%%%%%%%
%%%%%%%%%%%%%%%%%%%%%%%%%%%%%%%%%%%%%%%%%%%%%%%%%%%%%%%%%%%%%%%%%%%%%%%%%%%%%%%%
%% Pre-processing                          : 1.957s
%% Hypothesis Space Generation             : 0.007s
%% Conflict analysis                       : 268.832s
%%   - Positive Examples                   : 268.832s
%% Counterexample search                   : 30.967s
%%   - CDOEs                               : 2.2s
%%   - CDPIs                               : 28.765s
%% Hypothesis Search                       : 307.071s
%% Total                                   : 685.506s
%%%%%%%%%%%%%%%%%%%%%%%%%%%%%%%%%%%%%%%%%%%%%%%%%%%%%%%%%%%%%%%%%%%%%%%%%%%%%%%%
%% Searching for counterexample... 
%% Found positive counterexample: ex0 (a total of 731 counterexamples found) 
%% Found hypothesis: [2] 2 
%% macro_0(V1) :- not_completed(V1, V2). 
%% Searching for counterexample... 
%% Found positive counterexample: ex10 (a total of 9364 counterexamples found) 
%% Found hypothesis: [2, 3] 4 
%% macro_0(V1) :- not_completed(V1, V2). 
%% macro_0(V1) :- completed(V1, V2). 
%% Searching for counterexample... 
%% Found positive counterexample: ex1000 (a total of 8870 counterexamples found) 
%% Found hypothesis: [1, 3] 4 
%% macro_0(V1) :- not_ready_to_receive(V1). 
%% macro_0(V1) :- completed(V1, V2). 
%% Searching for counterexample... 
%% Found positive counterexample: ex1 (a total of 7447 counterexamples found) 
%% Found hypothesis: [1, 28] 5 
%% macro_0(V1) :- not_ready_to_receive(V1). 
%% macro_0(V1) :- not_robot_busy(V2); ready_to_receive(V1). 
%% Searching for counterexample... 
%% Found positive counterexample: ex1001 (a total of 8491 counterexamples found) 
%% Found hypothesis: [28, 56] 6 
%% macro_0(V1) :- not_robot_busy(V2); ready_to_receive(V1). 
%% macro_0(V1) :- not_ready_to_receive(V1); robot_busy(V2). 
%% Searching for counterexample... 
%% Found positive counterexample: ex1002 (a total of 4977 counterexamples found) 
%% Found hypothesis: [28, 43] 6 
%% macro_0(V1) :- not_robot_busy(V2); ready_to_receive(V1). 
%% macro_0(V1) :- not_ready_to_receive(V1); robot_cnt(V2, V3). 
%% Searching for counterexample... 
%% Found positive counterexample: ex1005 (a total of 6505 counterexamples found) 
%% Found hypothesis: [28, 439] 7 
%% macro_0(V1) :- not_robot_busy(V2); ready_to_receive(V1). 
%% macro_0(V1) :- not_ready_to_receive(V1); robot_cnt(V2, V3); robot_busy(V2). 
%% Searching for counterexample... 
%% Found positive counterexample: ex1006 (a total of 3954 counterexamples found) 
%% Found hypothesis: [28, 81] 7 
%% macro_0(V1) :- not_robot_busy(V2); ready_to_receive(V1). 
%% macro_0(V1) :- not_ready_to_receive(V1); V2 <= 2; battery(V3, V2). 
%% Searching for counterexample... 
%% Found positive counterexample: ex1011 (a total of 3344 counterexamples found) 
UNSATISFIABLE
